#! /c/Source/iverilog-install/bin/vvp
:ivl_version "12.0 (devel)" "(s20150603-1110-g18392a46)";
:ivl_delay_selection "TYPICAL";
:vpi_time_precision - 12;
:vpi_module "C:\iverilog\lib\ivl\system.vpi";
:vpi_module "C:\iverilog\lib\ivl\vhdl_sys.vpi";
:vpi_module "C:\iverilog\lib\ivl\vhdl_textio.vpi";
:vpi_module "C:\iverilog\lib\ivl\v2005_math.vpi";
:vpi_module "C:\iverilog\lib\ivl\va_math.vpi";
S_0000022678042db0 .scope module, "ECSU_tb" "ECSU_tb" 2 3;
 .timescale -6 -9;
v0000022678092b80_0 .var "CLK", 0 0;
v00000226780929a0_0 .net "ECSU_state", 1 0, v0000022677ff30e0_0;  1 drivers
v0000022678092c20_0 .var "RST", 0 0;
v0000022678092cc0_0 .net "emergency_landing_alert", 0 0, v0000022677d6bd50_0;  1 drivers
v00000226780922c0_0 .net "severe_weather", 0 0, v0000022678035050_0;  1 drivers
v0000022678092360_0 .var/s "temp", 7 0;
v00000226780927c0_0 .var "thunderstorm", 0 0;
v0000022678092e00_0 .var "visibility", 1 0;
v0000022678092860_0 .var "wind", 5 0;
S_0000022678034e20 .scope module, "uut" "ECSU" 2 19, 3 3 0, S_0000022678042db0;
 .timescale -6 -12;
    .port_info 0 /INPUT 1 "CLK";
    .port_info 1 /INPUT 1 "RST";
    .port_info 2 /INPUT 1 "thunderstorm";
    .port_info 3 /INPUT 6 "wind";
    .port_info 4 /INPUT 2 "visibility";
    .port_info 5 /INPUT 8 "temperature";
    .port_info 6 /OUTPUT 1 "severe_weather";
    .port_info 7 /OUTPUT 1 "emergency_landing_alert";
    .port_info 8 /OUTPUT 2 "ECSU_state";
v0000022677ff3390_0 .net "CLK", 0 0, v0000022678092b80_0;  1 drivers
v0000022677ff30e0_0 .var "ECSU_state", 1 0;
v0000022677d6ba50_0 .net "RST", 0 0, v0000022678092c20_0;  1 drivers
v0000022677d6bcb0_0 .var "change", 0 0;
v0000022677d6bd50_0 .var "emergency_landing_alert", 0 0;
v0000022678034fb0_0 .var "nextstate", 1 0;
v0000022678035050_0 .var "severe_weather", 0 0;
v0000022678092ae0_0 .net/s "temperature", 7 0, v0000022678092360_0;  1 drivers
v0000022678092540_0 .net "thunderstorm", 0 0, v00000226780927c0_0;  1 drivers
v0000022678092900_0 .net "visibility", 1 0, v0000022678092e00_0;  1 drivers
v0000022678092720_0 .net "wind", 5 0, v0000022678092860_0;  1 drivers
E_000002267801fa90/0 .event anyedge, v0000022678092540_0, v0000022678092ae0_0, v0000022678092900_0, v0000022678092720_0;
E_000002267801fa90/1 .event anyedge, v0000022677ff30e0_0;
E_000002267801fa90 .event/or E_000002267801fa90/0, E_000002267801fa90/1;
E_000002267801fb90 .event posedge, v0000022677d6ba50_0, v0000022677ff3390_0;
    .scope S_0000022678034e20;
T_0 ;
    %pushi/vec4 0, 0, 1;
    %store/vec4 v0000022677d6bcb0_0, 0, 1;
    %end;
    .thread T_0;
    .scope S_0000022678034e20;
T_1 ;
    %pushi/vec4 0, 0, 1;
    %store/vec4 v0000022678035050_0, 0, 1;
    %pushi/vec4 0, 0, 1;
    %store/vec4 v0000022677d6bd50_0, 0, 1;
    %pushi/vec4 0, 0, 2;
    %store/vec4 v0000022677ff30e0_0, 0, 2;
    %pushi/vec4 0, 0, 2;
    %store/vec4 v0000022678034fb0_0, 0, 2;
    %end;
    .thread T_1;
    .scope S_0000022678034e20;
T_2 ;
    %wait E_000002267801fb90;
    %load/vec4 v0000022677d6ba50_0;
    %flag_set/vec4 8;
    %jmp/0xz  T_2.0, 8;
    %pushi/vec4 0, 0, 2;
    %store/vec4 v0000022678034fb0_0, 0, 2;
    %pushi/vec4 1, 0, 1;
    %store/vec4 v0000022677d6bcb0_0, 0, 1;
T_2.0 ;
    %load/vec4 v0000022677ff3390_0;
    %flag_set/vec4 8;
    %jmp/0xz  T_2.2, 8;
    %load/vec4 v0000022677d6bcb0_0;
    %flag_set/vec4 8;
    %jmp/0xz  T_2.4, 8;
    %pushi/vec4 0, 0, 1;
    %store/vec4 v0000022678035050_0, 0, 1;
    %pushi/vec4 0, 0, 1;
    %store/vec4 v0000022677d6bd50_0, 0, 1;
    %pushi/vec4 0, 0, 1;
    %store/vec4 v0000022677d6bcb0_0, 0, 1;
T_2.4 ;
    %load/vec4 v0000022678034fb0_0;
    %store/vec4 v0000022677ff30e0_0, 0, 2;
T_2.2 ;
    %jmp T_2;
    .thread T_2;
    .scope S_0000022678034e20;
T_3 ;
    %wait E_000002267801fa90;
    %load/vec4 v0000022677ff30e0_0;
    %dup/vec4;
    %pushi/vec4 0, 0, 2;
    %cmp/u;
    %jmp/1 T_3.0, 6;
    %dup/vec4;
    %pushi/vec4 1, 0, 2;
    %cmp/u;
    %jmp/1 T_3.1, 6;
    %dup/vec4;
    %pushi/vec4 2, 0, 2;
    %cmp/u;
    %jmp/1 T_3.2, 6;
    %jmp T_3.3;
T_3.0 ;
    %load/vec4 v0000022678092540_0;
    %pad/u 32;
    %pushi/vec4 1, 0, 32;
    %cmp/e;
    %flag_get/vec4 4;
    %pushi/vec4 15, 0, 32;
    %load/vec4 v0000022678092720_0;
    %pad/u 32;
    %cmp/u;
    %flag_get/vec4 5;
    %or;
    %pushi/vec4 35, 0, 32;
    %load/vec4 v0000022678092ae0_0;
    %pad/s 32;
    %cmp/s;
    %flag_get/vec4 5;
    %or;
    %load/vec4 v0000022678092ae0_0;
    %pad/s 32;
    %cmpi/s 4294967261, 0, 32;
    %flag_get/vec4 5;
    %or;
    %load/vec4 v0000022678092900_0;
    %pushi/vec4 3, 0, 2;
    %cmp/e;
    %flag_get/vec4 4;
    %or;
    %flag_set/vec4 8;
    %jmp/0xz  T_3.4, 8;
    %pushi/vec4 1, 0, 1;
    %store/vec4 v0000022678035050_0, 0, 1;
T_3.4 ;
    %jmp T_3.3;
T_3.1 ;
    %load/vec4 v0000022678092540_0;
    %pad/u 32;
    %pushi/vec4 1, 0, 32;
    %cmp/e;
    %flag_get/vec4 4;
    %pushi/vec4 15, 0, 32;
    %load/vec4 v0000022678092720_0;
    %pad/u 32;
    %cmp/u;
    %flag_get/vec4 5;
    %or;
    %pushi/vec4 35, 0, 32;
    %load/vec4 v0000022678092ae0_0;
    %pad/s 32;
    %cmp/s;
    %flag_get/vec4 5;
    %or;
    %load/vec4 v0000022678092ae0_0;
    %pad/s 32;
    %cmpi/s 4294967261, 0, 32;
    %flag_get/vec4 5;
    %or;
    %load/vec4 v0000022678092900_0;
    %pushi/vec4 3, 0, 2;
    %cmp/e;
    %flag_get/vec4 4;
    %or;
    %flag_set/vec4 8;
    %jmp/0xz  T_3.6, 8;
    %pushi/vec4 1, 0, 1;
    %store/vec4 v0000022678035050_0, 0, 1;
T_3.6 ;
    %jmp T_3.3;
T_3.2 ;
    %load/vec4 v0000022678092540_0;
    %pad/u 32;
    %pushi/vec4 0, 0, 32;
    %cmp/e;
    %flag_get/vec4 4;
    %load/vec4 v0000022678092720_0;
    %pad/u 32;
    %cmpi/u 10, 0, 32;
    %flag_get/vec4 4;
    %flag_get/vec4 5;
    %or;
    %and;
    %pushi/vec4 4294967261, 0, 32;
    %load/vec4 v0000022678092ae0_0;
    %pad/s 32;
    %cmp/s;
    %flag_get/vec4 4;
    %flag_get/vec4 5;
    %or;
    %and;
    %load/vec4 v0000022678092ae0_0;
    %pad/s 32;
    %cmpi/s 35, 0, 32;
    %flag_get/vec4 4;
    %flag_get/vec4 5;
    %or;
    %and;
    %load/vec4 v0000022678092900_0;
    %pushi/vec4 1, 0, 2;
    %cmp/e;
    %flag_get/vec4 4;
    %and;
    %flag_set/vec4 8;
    %jmp/0xz  T_3.8, 8;
    %pushi/vec4 0, 0, 1;
    %store/vec4 v0000022678035050_0, 0, 1;
T_3.8 ;
    %load/vec4 v0000022678092ae0_0;
    %pad/s 32;
    %cmpi/s 4294967256, 0, 32;
    %flag_get/vec4 5;
    %pushi/vec4 40, 0, 32;
    %load/vec4 v0000022678092ae0_0;
    %pad/s 32;
    %cmp/s;
    %flag_get/vec4 5;
    %or;
    %pushi/vec4 20, 0, 32;
    %load/vec4 v0000022678092720_0;
    %pad/u 32;
    %cmp/u;
    %flag_get/vec4 5;
    %or;
    %flag_set/vec4 8;
    %jmp/0xz  T_3.10, 8;
    %pushi/vec4 1, 0, 1;
    %store/vec4 v0000022677d6bd50_0, 0, 1;
T_3.10 ;
    %jmp T_3.3;
T_3.3 ;
    %pop/vec4 1;
    %jmp T_3;
    .thread T_3, $push;
    .scope S_0000022678034e20;
T_4 ;
    %wait E_000002267801fa90;
    %load/vec4 v0000022677ff30e0_0;
    %dup/vec4;
    %pushi/vec4 0, 0, 2;
    %cmp/u;
    %jmp/1 T_4.0, 6;
    %dup/vec4;
    %pushi/vec4 1, 0, 2;
    %cmp/u;
    %jmp/1 T_4.1, 6;
    %dup/vec4;
    %pushi/vec4 2, 0, 2;
    %cmp/u;
    %jmp/1 T_4.2, 6;
    %jmp T_4.3;
T_4.0 ;
    %load/vec4 v0000022678092540_0;
    %pad/u 32;
    %pushi/vec4 1, 0, 32;
    %cmp/e;
    %flag_get/vec4 4;
    %pushi/vec4 15, 0, 32;
    %load/vec4 v0000022678092720_0;
    %pad/u 32;
    %cmp/u;
    %flag_get/vec4 5;
    %or;
    %pushi/vec4 35, 0, 32;
    %load/vec4 v0000022678092ae0_0;
    %pad/s 32;
    %cmp/s;
    %flag_get/vec4 5;
    %or;
    %load/vec4 v0000022678092ae0_0;
    %pad/s 32;
    %cmpi/s 4294967261, 0, 32;
    %flag_get/vec4 5;
    %or;
    %load/vec4 v0000022678092900_0;
    %pushi/vec4 3, 0, 2;
    %cmp/e;
    %flag_get/vec4 4;
    %or;
    %flag_set/vec4 8;
    %jmp/0xz  T_4.4, 8;
    %pushi/vec4 2, 0, 2;
    %store/vec4 v0000022678034fb0_0, 0, 2;
T_4.4 ;
    %load/vec4 v0000022678092720_0;
    %pad/u 32;
    %cmpi/u 15, 0, 32;
    %flag_get/vec4 4;
    %flag_get/vec4 5;
    %or;
    %pushi/vec4 10, 0, 32;
    %load/vec4 v0000022678092720_0;
    %pad/u 32;
    %cmp/u;
    %flag_get/vec4 5;
    %and;
    %load/vec4 v0000022678092900_0;
    %pushi/vec4 1, 0, 2;
    %cmp/e;
    %flag_get/vec4 4;
    %or;
    %flag_set/vec4 8;
    %jmp/0xz  T_4.6, 8;
    %pushi/vec4 1, 0, 2;
    %store/vec4 v0000022678034fb0_0, 0, 2;
T_4.6 ;
    %jmp T_4.3;
T_4.1 ;
    %load/vec4 v0000022678092540_0;
    %pad/u 32;
    %pushi/vec4 1, 0, 32;
    %cmp/e;
    %flag_get/vec4 4;
    %pushi/vec4 15, 0, 32;
    %load/vec4 v0000022678092720_0;
    %pad/u 32;
    %cmp/u;
    %flag_get/vec4 5;
    %or;
    %pushi/vec4 35, 0, 32;
    %load/vec4 v0000022678092ae0_0;
    %pad/s 32;
    %cmp/s;
    %flag_get/vec4 5;
    %or;
    %load/vec4 v0000022678092ae0_0;
    %pad/s 32;
    %cmpi/s 4294967261, 0, 32;
    %flag_get/vec4 5;
    %or;
    %load/vec4 v0000022678092900_0;
    %pushi/vec4 3, 0, 2;
    %cmp/e;
    %flag_get/vec4 4;
    %or;
    %flag_set/vec4 8;
    %jmp/0xz  T_4.8, 8;
    %pushi/vec4 2, 0, 2;
    %store/vec4 v0000022678034fb0_0, 0, 2;
T_4.8 ;
    %load/vec4 v0000022678092900_0;
    %pushi/vec4 0, 0, 2;
    %cmp/e;
    %flag_get/vec4 4;
    %load/vec4 v0000022678092720_0;
    %pad/u 32;
    %cmpi/u 10, 0, 32;
    %flag_get/vec4 4;
    %flag_get/vec4 5;
    %or;
    %and;
    %flag_set/vec4 8;
    %jmp/0xz  T_4.10, 8;
    %pushi/vec4 0, 0, 2;
    %store/vec4 v0000022678034fb0_0, 0, 2;
T_4.10 ;
    %jmp T_4.3;
T_4.2 ;
    %load/vec4 v0000022678092540_0;
    %pad/u 32;
    %pushi/vec4 0, 0, 32;
    %cmp/e;
    %flag_get/vec4 4;
    %load/vec4 v0000022678092720_0;
    %pad/u 32;
    %cmpi/u 10, 0, 32;
    %flag_get/vec4 4;
    %flag_get/vec4 5;
    %or;
    %and;
    %pushi/vec4 4294967261, 0, 32;
    %load/vec4 v0000022678092ae0_0;
    %pad/s 32;
    %cmp/s;
    %flag_get/vec4 4;
    %flag_get/vec4 5;
    %or;
    %and;
    %load/vec4 v0000022678092ae0_0;
    %pad/s 32;
    %cmpi/s 35, 0, 32;
    %flag_get/vec4 4;
    %flag_get/vec4 5;
    %or;
    %and;
    %load/vec4 v0000022678092900_0;
    %pushi/vec4 1, 0, 2;
    %cmp/e;
    %flag_get/vec4 4;
    %and;
    %flag_set/vec4 8;
    %jmp/0xz  T_4.12, 8;
    %pushi/vec4 1, 0, 2;
    %store/vec4 v0000022678034fb0_0, 0, 2;
T_4.12 ;
    %load/vec4 v0000022678092ae0_0;
    %pad/s 32;
    %cmpi/s 4294967256, 0, 32;
    %flag_get/vec4 5;
    %pushi/vec4 40, 0, 32;
    %load/vec4 v0000022678092ae0_0;
    %pad/s 32;
    %cmp/s;
    %flag_get/vec4 5;
    %or;
    %pushi/vec4 20, 0, 32;
    %load/vec4 v0000022678092720_0;
    %pad/u 32;
    %cmp/u;
    %flag_get/vec4 5;
    %or;
    %flag_set/vec4 8;
    %jmp/0xz  T_4.14, 8;
    %pushi/vec4 3, 0, 2;
    %store/vec4 v0000022678034fb0_0, 0, 2;
T_4.14 ;
    %jmp T_4.3;
T_4.3 ;
    %pop/vec4 1;
    %jmp T_4;
    .thread T_4, $push;
    .scope S_0000022678042db0;
T_5 ;
    %pushi/vec4 0, 0, 1;
    %store/vec4 v0000022678092b80_0, 0, 1;
T_5.0 ;
    %delay 50000000, 0;
    %load/vec4 v0000022678092b80_0;
    %inv;
    %store/vec4 v0000022678092b80_0, 0, 1;
    %jmp T_5.0;
    %end;
    .thread T_5;
    .scope S_0000022678042db0;
T_6 ;
    %vpi_call 2 39 "$dumpfile", "ECSU.wave" {0 0 0};
    %vpi_call 2 40 "$dumpvars" {0 0 0};
    %end;
    .thread T_6;
    .scope S_0000022678042db0;
T_7 ;
    %pushi/vec4 1, 0, 1;
    %store/vec4 v0000022678092c20_0, 0, 1;
    %pushi/vec4 0, 0, 1;
    %store/vec4 v00000226780927c0_0, 0, 1;
    %pushi/vec4 0, 0, 6;
    %store/vec4 v0000022678092860_0, 0, 6;
    %pushi/vec4 0, 0, 2;
    %store/vec4 v0000022678092e00_0, 0, 2;
    %pushi/vec4 0, 0, 8;
    %store/vec4 v0000022678092360_0, 0, 8;
    %delay 100000000, 0;
    %pushi/vec4 0, 0, 1;
    %store/vec4 v0000022678092c20_0, 0, 1;
    %delay 200000000, 0;
    %pushi/vec4 0, 0, 1;
    %store/vec4 v00000226780927c0_0, 0, 1;
    %pushi/vec4 12, 0, 6;
    %store/vec4 v0000022678092860_0, 0, 6;
    %pushi/vec4 0, 0, 2;
    %store/vec4 v0000022678092e00_0, 0, 2;
    %pushi/vec4 25, 0, 8;
    %store/vec4 v0000022678092360_0, 0, 8;
    %delay 300000000, 0;
    %pushi/vec4 0, 0, 1;
    %store/vec4 v00000226780927c0_0, 0, 1;
    %pushi/vec4 5, 0, 6;
    %store/vec4 v0000022678092860_0, 0, 6;
    %pushi/vec4 0, 0, 2;
    %store/vec4 v0000022678092e00_0, 0, 2;
    %pushi/vec4 25, 0, 8;
    %store/vec4 v0000022678092360_0, 0, 8;
    %delay 300000000, 0;
    %pushi/vec4 0, 0, 1;
    %store/vec4 v00000226780927c0_0, 0, 1;
    %pushi/vec4 5, 0, 6;
    %store/vec4 v0000022678092860_0, 0, 6;
    %pushi/vec4 1, 0, 2;
    %store/vec4 v0000022678092e00_0, 0, 2;
    %pushi/vec4 25, 0, 8;
    %store/vec4 v0000022678092360_0, 0, 8;
    %delay 300000000, 0;
    %pushi/vec4 0, 0, 1;
    %store/vec4 v00000226780927c0_0, 0, 1;
    %pushi/vec4 5, 0, 6;
    %store/vec4 v0000022678092860_0, 0, 6;
    %pushi/vec4 0, 0, 2;
    %store/vec4 v0000022678092e00_0, 0, 2;
    %pushi/vec4 25, 0, 8;
    %store/vec4 v0000022678092360_0, 0, 8;
    %delay 300000000, 0;
    %pushi/vec4 0, 0, 1;
    %store/vec4 v00000226780927c0_0, 0, 1;
    %pushi/vec4 5, 0, 6;
    %store/vec4 v0000022678092860_0, 0, 6;
    %pushi/vec4 1, 0, 2;
    %store/vec4 v0000022678092e00_0, 0, 2;
    %pushi/vec4 25, 0, 8;
    %store/vec4 v0000022678092360_0, 0, 8;
    %delay 300000000, 0;
    %pushi/vec4 1, 0, 1;
    %store/vec4 v00000226780927c0_0, 0, 1;
    %pushi/vec4 5, 0, 6;
    %store/vec4 v0000022678092860_0, 0, 6;
    %pushi/vec4 1, 0, 2;
    %store/vec4 v0000022678092e00_0, 0, 2;
    %pushi/vec4 25, 0, 8;
    %store/vec4 v0000022678092360_0, 0, 8;
    %delay 0, 0;
    %delay 300000000, 0;
    %pushi/vec4 0, 0, 1;
    %store/vec4 v00000226780927c0_0, 0, 1;
    %pushi/vec4 5, 0, 6;
    %store/vec4 v0000022678092860_0, 0, 6;
    %pushi/vec4 1, 0, 2;
    %store/vec4 v0000022678092e00_0, 0, 2;
    %pushi/vec4 25, 0, 8;
    %store/vec4 v0000022678092360_0, 0, 8;
    %delay 300000000, 0;
    %pushi/vec4 3, 0, 6;
    %store/vec4 v0000022678092860_0, 0, 6;
    %pushi/vec4 0, 0, 2;
    %store/vec4 v0000022678092e00_0, 0, 2;
    %pushi/vec4 251, 0, 8;
    %store/vec4 v0000022678092360_0, 0, 8;
    %delay 300000000, 0;
    %pushi/vec4 3, 0, 2;
    %store/vec4 v0000022678092e00_0, 0, 2;
    %delay 300000000, 0;
    %pushi/vec4 25, 0, 6;
    %store/vec4 v0000022678092860_0, 0, 6;
    %pushi/vec4 2, 0, 2;
    %store/vec4 v0000022678092e00_0, 0, 2;
    %delay 500000000, 0;
    %pushi/vec4 0, 0, 1;
    %store/vec4 v00000226780927c0_0, 0, 1;
    %pushi/vec4 0, 0, 6;
    %store/vec4 v0000022678092860_0, 0, 6;
    %pushi/vec4 0, 0, 2;
    %store/vec4 v0000022678092e00_0, 0, 2;
    %pushi/vec4 0, 0, 8;
    %store/vec4 v0000022678092360_0, 0, 8;
    %delay 200000000, 0;
    %pushi/vec4 1, 0, 1;
    %store/vec4 v0000022678092c20_0, 0, 1;
    %delay 150000000, 0;
    %pushi/vec4 0, 0, 1;
    %store/vec4 v0000022678092c20_0, 0, 1;
    %delay 300000000, 0;
    %pushi/vec4 0, 0, 1;
    %store/vec4 v00000226780927c0_0, 0, 1;
    %pushi/vec4 5, 0, 6;
    %store/vec4 v0000022678092860_0, 0, 6;
    %pushi/vec4 1, 0, 2;
    %store/vec4 v0000022678092e00_0, 0, 2;
    %pushi/vec4 25, 0, 8;
    %store/vec4 v0000022678092360_0, 0, 8;
    %delay 300000000, 0;
    %pushi/vec4 0, 0, 1;
    %store/vec4 v00000226780927c0_0, 0, 1;
    %pushi/vec4 15, 0, 6;
    %store/vec4 v0000022678092860_0, 0, 6;
    %pushi/vec4 1, 0, 2;
    %store/vec4 v0000022678092e00_0, 0, 2;
    %delay 30000000, 0;
    %pushi/vec4 40, 0, 8;
    %store/vec4 v0000022678092360_0, 0, 8;
    %delay 0, 0;
    %delay 300000000, 0;
    %pushi/vec4 0, 0, 1;
    %store/vec4 v00000226780927c0_0, 0, 1;
    %pushi/vec4 5, 0, 6;
    %store/vec4 v0000022678092860_0, 0, 6;
    %pushi/vec4 1, 0, 2;
    %store/vec4 v0000022678092e00_0, 0, 2;
    %pushi/vec4 25, 0, 8;
    %store/vec4 v0000022678092360_0, 0, 8;
    %delay 300000000, 0;
    %pushi/vec4 0, 0, 1;
    %store/vec4 v00000226780927c0_0, 0, 1;
    %pushi/vec4 25, 0, 6;
    %store/vec4 v0000022678092860_0, 0, 6;
    %pushi/vec4 1, 0, 2;
    %store/vec4 v0000022678092e00_0, 0, 2;
    %pushi/vec4 216, 0, 8;
    %store/vec4 v0000022678092360_0, 0, 8;
    %delay 0, 0;
    %delay 600000000, 0;
    %vpi_call 2 100 "$finish" {0 0 0};
    %end;
    .thread T_7;
# The file index is used to find the file name in the following table.
:file_names 4;
    "N/A";
    "<interactive>";
    "ECSU_tb.v";
    "ECSU.v";
